{"C:\\Users\\tiago\\Desktop\\Facu\\PO2\\TP TDD - Brunetti\\src\\validarPassword.js": {"path":"C:\\Users\\tiago\\Desktop\\Facu\\PO2\\TP TDD - Brunetti\\src\\validarPassword.js","statementMap":{"0":{"start":{"line":2,"column":19},"end":{"line":38,"column":5}},"1":{"start":{"line":4,"column":27},"end":{"line":4,"column":40}},"2":{"start":{"line":8,"column":27},"end":{"line":8,"column":42}},"3":{"start":{"line":12,"column":27},"end":{"line":12,"column":42}},"4":{"start":{"line":16,"column":27},"end":{"line":16,"column":39}},"5":{"start":{"line":20,"column":27},"end":{"line":20,"column":59}},"6":{"start":{"line":24,"column":27},"end":{"line":24,"column":43}},"7":{"start":{"line":29,"column":16},"end":{"line":29,"column":51}},"8":{"start":{"line":29,"column":39},"end":{"line":29,"column":51}},"9":{"start":{"line":30,"column":16},"end":{"line":30,"column":81}},"10":{"start":{"line":35,"column":27},"end":{"line":35,"column":47}},"11":{"start":{"line":40,"column":20},"end":{"line":40,"column":95}},"12":{"start":{"line":40,"column":43},"end":{"line":40,"column":66}},"13":{"start":{"line":40,"column":81},"end":{"line":40,"column":94}},"14":{"start":{"line":42,"column":4},"end":{"line":45,"column":6}},"15":{"start":{"line":48,"column":0},"end":{"line":48,"column":37}}},"fnMap":{"0":{"name":"validarPassword","decl":{"start":{"line":1,"column":9},"end":{"line":1,"column":24}},"loc":{"start":{"line":1,"column":53},"end":{"line":46,"column":1}},"line":1},"1":{"name":"(anonymous_1)","decl":{"start":{"line":4,"column":20},"end":{"line":4,"column":21}},"loc":{"start":{"line":4,"column":27},"end":{"line":4,"column":40}},"line":4},"2":{"name":"(anonymous_2)","decl":{"start":{"line":8,"column":20},"end":{"line":8,"column":21}},"loc":{"start":{"line":8,"column":27},"end":{"line":8,"column":42}},"line":8},"3":{"name":"(anonymous_3)","decl":{"start":{"line":12,"column":20},"end":{"line":12,"column":21}},"loc":{"start":{"line":12,"column":27},"end":{"line":12,"column":42}},"line":12},"4":{"name":"(anonymous_4)","decl":{"start":{"line":16,"column":20},"end":{"line":16,"column":21}},"loc":{"start":{"line":16,"column":27},"end":{"line":16,"column":39}},"line":16},"5":{"name":"(anonymous_5)","decl":{"start":{"line":20,"column":20},"end":{"line":20,"column":21}},"loc":{"start":{"line":20,"column":27},"end":{"line":20,"column":59}},"line":20},"6":{"name":"(anonymous_6)","decl":{"start":{"line":24,"column":20},"end":{"line":24,"column":21}},"loc":{"start":{"line":24,"column":27},"end":{"line":24,"column":43}},"line":24},"7":{"name":"(anonymous_7)","decl":{"start":{"line":28,"column":20},"end":{"line":28,"column":21}},"loc":{"start":{"line":28,"column":27},"end":{"line":31,"column":13}},"line":28},"8":{"name":"(anonymous_8)","decl":{"start":{"line":35,"column":20},"end":{"line":35,"column":21}},"loc":{"start":{"line":35,"column":27},"end":{"line":35,"column":47}},"line":35},"9":{"name":"(anonymous_9)","decl":{"start":{"line":40,"column":34},"end":{"line":40,"column":35}},"loc":{"start":{"line":40,"column":43},"end":{"line":40,"column":66}},"line":40},"10":{"name":"(anonymous_10)","decl":{"start":{"line":40,"column":72},"end":{"line":40,"column":73}},"loc":{"start":{"line":40,"column":81},"end":{"line":40,"column":94}},"line":40}},"branchMap":{"0":{"loc":{"start":{"line":29,"column":16},"end":{"line":29,"column":51}},"type":"if","locations":[{"start":{"line":29,"column":16},"end":{"line":29,"column":51}},{"start":{},"end":{}}],"line":29}},"s":{"0":11,"1":11,"2":11,"3":11,"4":11,"5":11,"6":11,"7":11,"8":10,"9":1,"10":11,"11":11,"12":88,"13":21,"14":11,"15":1},"f":{"0":11,"1":11,"2":11,"3":11,"4":11,"5":11,"6":11,"7":11,"8":11,"9":88,"10":21},"b":{"0":[10,1]},"_coverageSchema":"1a1c01bbd47fc00a2c39e90264f33305004495a9","hash":"e429b1aaa1e9b95178b7873c72e13a8d3a2f23d6"}
}
