TN:
SF:src\validarPassword.js
FN:1,validarPassword
FN:4,(anonymous_1)
FN:8,(anonymous_2)
FN:12,(anonymous_3)
FN:16,(anonymous_4)
FN:20,(anonymous_5)
FN:24,(anonymous_6)
FN:28,(anonymous_7)
FN:35,(anonymous_8)
FN:40,(anonymous_9)
FN:40,(anonymous_10)
FNF:11
FNH:11
FNDA:11,validarPassword
FNDA:11,(anonymous_1)
FNDA:11,(anonymous_2)
FNDA:11,(anonymous_3)
FNDA:11,(anonymous_4)
FNDA:11,(anonymous_5)
FNDA:11,(anonymous_6)
FNDA:11,(anonymous_7)
FNDA:11,(anonymous_8)
FNDA:88,(anonymous_9)
FNDA:21,(anonymous_10)
DA:2,11
DA:4,11
DA:8,11
DA:12,11
DA:16,11
DA:20,11
DA:24,11
DA:29,11
DA:30,1
DA:35,11
DA:40,88
DA:42,11
DA:48,1
LF:13
LH:13
BRDA:29,0,0,10
BRDA:29,0,1,1
BRF:2
BRH:2
end_of_record
